<?xml version="1.0" encoding="UTF-8"?>
<!-- Generated by org.testng.reporters.JUnitXMLReporter -->
<testsuite hostname="DESKTOP-5TOTOK8" ignored="0" name="test2" tests="3" failures="0" timestamp="2020-12-09T08:34:15 CST" time="74.282" errors="0">
  <testcase name="test01" time="11.744" classname="com.webtest.demo.zchExcelDataTest"/>
  <testcase name="test01" time="11.708" classname="com.webtest.demo.zchExcelDataTest"/>
  <testcase name="test01" time="11.703" classname="com.webtest.demo.zchExcelDataTest"/>
</testsuite> <!-- test2 -->
